Build started 12/26/2022 8:38:10 PM.
Logging verbosity is set to: Normal.     1>Project "Z:\CPP\Hacks\Nitrous\Nitrous\Nitrous.vcxproj" on node 2 (Build target(s)).
     1>InitializeBuildStatus:
         Touching "bin\intermediates\x64\Debug\Nitrous.tlog\unsuccessfulbuild".
       ClCompile:
         C:\Program Files\Microsoft Visual Studio\2022\Community\VC\Tools\MSVC\14.34.31933\bin\HostX64\x64\CL.exe /c /ZI /JMC /nologo /W4 /WX /diagnostics:column /sdl /Od /D _DEBUG /D _CONSOLE /D _UNICODE /D UNICODE /Gm- /EHsc /RTC1 /MDd /GS /fp:precise /Zc:wchar_t /Zc:forScope /Zc:inline /std:c++20 /permissive- /Yc"pch.h" /Fp"bin\intermediates\x64\Debug\Nitrous.pch" /Fo"bin\intermediates\x64\Debug\\" /Fd"bin\intermediates\x64\Debug\vc143.pdb" /external:W4 /Gd /TP /FC /errorReport:prompt src\pch.cpp
         pch.cpp
         C:\Program Files\Microsoft Visual Studio\2022\Community\VC\Tools\MSVC\14.34.31933\bin\HostX64\x64\CL.exe /c /ZI /JMC /nologo /W4 /WX /diagnostics:column /sdl /Od /D _DEBUG /D _CONSOLE /D _UNICODE /D UNICODE /Gm- /EHsc /RTC1 /MDd /GS /fp:precise /Zc:wchar_t /Zc:forScope /Zc:inline /std:c++20 /permissive- /Yu"pch.h" /Fp"bin\intermediates\x64\Debug\Nitrous.pch" /Fo"bin\intermediates\x64\Debug\\" /Fd"bin\intermediates\x64\Debug\vc143.pdb" /external:W4 /Gd /TP /FC /errorReport:prompt src\main.cpp
         main.cpp
       Link:
         C:\Program Files\Microsoft Visual Studio\2022\Community\VC\Tools\MSVC\14.34.31933\bin\HostX64\x64\link.exe /ERRORREPORT:PROMPT /OUT:"bin\x64\Debug\Nitrous.exe" /INCREMENTAL /ILK:"bin\intermediates\x64\Debug\Nitrous.ilk" /NOLOGO kernel32.lib user32.lib gdi32.lib winspool.lib comdlg32.lib advapi32.lib shell32.lib ole32.lib oleaut32.lib uuid.lib odbc32.lib odbccp32.lib /MANIFEST /MANIFESTUAC:"level='asInvoker' uiAccess='false'" /manifest:embed /DEBUG /PDB:"bin\x64\Debug\Nitrous.pdb" /SUBSYSTEM:CONSOLE /TLBID:1 /DYNAMICBASE /NXCOMPAT /IMPLIB:"bin\x64\Debug\Nitrous.lib" /MACHINE:X64 bin\intermediates\x64\Debug\pch.obj
         bin\intermediates\x64\Debug\main.obj
         Nitrous.vcxproj -> Z:\CPP\Hacks\Nitrous\Nitrous\bin\x64\Debug\Nitrous.exe
       FinalizeBuildStatus:
         Deleting file "bin\intermediates\x64\Debug\Nitrous.tlog\unsuccessfulbuild".
         Touching "bin\intermediates\x64\Debug\Nitrous.tlog\Nitrous.lastbuildstate".
     1>Done Building Project "Z:\CPP\Hacks\Nitrous\Nitrous\Nitrous.vcxproj" (Build target(s)).

Build succeeded.
    0 Warning(s)
    0 Error(s)

Time Elapsed 00:00:02.07
